+---------------------------------------------------------------------+
|  Log file: mau.characterize.log                                     |
|  Compiler version: 9.9.0 (eb3046e)                                  |
|  Created on: Tue May  9 12:50:23 2023                               |
|  Run ID: 694fce3f4c66e5ec                                           |
+---------------------------------------------------------------------+

Match+Action Resource Usage
--------------------------------------------------------------------------------------------------------------------------------------------------------------------------------------------------------------------------------------------------------------------------------------------------------
|                     1                     |    2    |   3    |    4    |  5   |        6        |   7   |       8       |     9      |    10   |   11  |          12         |      13      |     14    |     15    |   16   |     17    |      18      |      19     |    20   |    21   |    22   |
|                   Table                   |   Dir   | Stage  |    P4   | Mem  |      Total      | Total |     Table     |   Match    |   TCAM  |  SRAM |        Match        |     Imm.     |    TCAM   |    SRAM   |   P4   |   Action  |    Ideal     |    Actual   |   TCAM  |   SRAM  |   SRAM  |
|                    Name                   |         |        |  Lookup | Type |      SRAMs      | TCAMs |    Entries    |    Bits    |  Over-  | Over- |       Overhead      |    Action    |    Bits   |    Bits   | Action |    Bits   |    Match     |    Match    |  Match  |  Match  |  Action |
|                                           |         |        | Type(s) |      | TOT(M/A/S/MT/I) |       |   Requested   |    Per     |   head  |  head |      Structure      |     Data     |    Per    |    Per    |  Bits  |    Per    |   Entries-   |   Entries-  | Packing | Packing | Packing |
|                                           |         |        |         |      |     (legend     |       |       /       |   Entry    |   Bits  |  Bits | NT/AI/AD/M/S/SL/V/I |      in      |   Entry   |   Entry   |        |   Entry   |    Number    |    Number   |   Eff.  |   Eff.  |   Eff.  |
|                                           |         |        |         |      |      below)     |       |   Allocated   | R/A(diff)  |   Per   |  Per  |       (legend       |   Overhead   | R/A(diff) | R/A(diff) |        | R/A(diff) |     Per      |     Per     |  Ideal/ |  Ideal/ |  Ideal/ |
|                                           |         |        |         |      |                 |       |     (diff)    |            |  Entry  | Entry |        below)       |  R/A(diff)   |           |           |        |           |    Memory    |    Memory   |  Actual |  Actual |  Actual |
|                                           |         |        |         |      |                 |       |               |            | ver/vld |       |                     |              |           |           |        |           |    Units     |    Units    |         |         |         |
|                                           |         |        |         |      |                 |       |               |            |         |       |                     |              |           |           |        |           |    (bits)    |    (bits)   |         |         |         |
--------------------------------------------------------------------------------------------------------------------------------------------------------------------------------------------------------------------------------------------------------------------------------------------------------
|     SwitchIngressParser.$PORT_METADATA    | ingress | parser |  exact  | buf  |  0 (0/0/0/0/0)  |   0   | 288 / 288 (0) | 9 / 0 (-9) |    0    |   0   |   0/0/0/0/0/0/0/0   | 64 / 0 (-64) | 0 / 0 (0) | 0 / 0 (0) |   64   | 0 / 0 (0) | 1 in 2 (128) | 1 in 1 (64) |  - / -  |  - / -  |  - / -  |
|                                           |         |        |         |      |                 |       |               |            |         |       |                     |              |           |           |        |           |              |             |         |         |         |
| SwitchIngress.bypass_egress.bypass_egress | ingress |   0    |    -    | sram |  0 (0/0/0/0/0)  |   0   |   0 / 0 (0)   | 0 / 0 (0)  |    0    |   0   |   0/0/0/0/0/0/0/0   |  0 / 0 (0)   | 0 / 0 (0) | 0 / 0 (0) |   0    | 0 / 0 (0) |  0 in 0 (0)  |  1 in 0 (0) |  - / -  |  - / -  |  - / -  |
|       tbl_action_compute_fingerprint      | ingress |   0    |    -    |  -   |  0 (0/0/0/0/0)  |   0   |   0 / 0 (0)   | 0 / 0 (0)  |    0    |   0   |   0/0/0/0/0/0/0/0   |  0 / 0 (0)   | 0 / 0 (0) | 0 / 0 (0) |   0    | 0 / 0 (0) |  0 in 0 (0)  |  0 in 0 (0) |  - / -  |  - / -  |  - / -  |
|                 tbl_src185                | ingress |   0    |    -    | sram |  0 (0/0/0/0/0)  |   0   |   0 / 0 (0)   | 0 / 0 (0)  |    0    |   0   |   0/0/0/0/0/0/0/0   |  0 / 0 (0)   | 0 / 0 (0) | 0 / 0 (0) |   0    | 0 / 0 (0) |  0 in 0 (0)  |  1 in 0 (0) |  - / -  |  - / -  |  - / -  |
|                 tbl_src188                | ingress |   0    |    -    | sram |  0 (0/0/0/0/0)  |   0   |   0 / 0 (0)   | 0 / 0 (0)  |    0    |   0   |   0/0/0/0/0/0/0/0   |  0 / 0 (0)   | 0 / 0 (0) | 0 / 0 (0) |   0    | 0 / 0 (0) |  0 in 0 (0)  |  1 in 0 (0) |  - / -  |  - / -  |  - / -  |
|               stage 0 totals              |    -    |   -    |    -    |  -   |  0 (0/0/0/0/0)  |   0   |       -       |     -      |    -    |   -   |          -          |      -       |     -     |     -     |   -    |     -     |      -       |      -      |    -    |    -    |    -    |
|                                           |         |        |         |      |                 |       |               |            |         |       |                     |              |           |           |        |           |              |             |         |         |         |
|  tbl_action_check_membership_stage_three  | ingress |   1    |    -    |  -   |  2 (0/0/0/2/0)  |   0   |   0 / 0 (0)   | 0 / 0 (0)  |    0    |   0   |   0/0/0/0/0/0/0/0   |  0 / 0 (0)   | 0 / 0 (0) | 0 / 0 (0) |   0    | 0 / 0 (0) |  0 in 0 (0)  |  0 in 0 (0) |  - / -  |  - / -  |  - / -  |
|   tbl_action_check_membership_stage_two   | ingress |   1    |    -    |  -   |  2 (0/0/0/2/0)  |   0   |   0 / 0 (0)   | 0 / 0 (0)  |    0    |   0   |   0/0/0/0/0/0/0/0   |  0 / 0 (0)   | 0 / 0 (0) | 0 / 0 (0) |   0    | 0 / 0 (0) |  0 in 0 (0)  |  0 in 0 (0) |  - / -  |  - / -  |  - / -  |
|                 tbl_src190                | ingress |   1    |    -    | sram |  0 (0/0/0/0/0)  |   0   |   0 / 0 (0)   | 0 / 0 (0)  |    0    |   0   |   0/0/0/0/0/0/0/0   |  0 / 0 (0)   | 0 / 0 (0) | 0 / 0 (0) |   0    | 0 / 0 (0) |  0 in 0 (0)  |  1 in 0 (0) |  - / -  |  - / -  |  - / -  |
|               stage 1 totals              |    -    |   -    |    -    |  -   |  4 (0/0/0/4/0)  |   0   |       -       |     -      |    -    |   -   |          -          |      -       |     -     |     -     |   -    |     -     |      -       |      -      |    -    |    -    |    -    |
|                                           |         |        |         |      |                 |       |               |            |         |       |                     |              |           |           |        |           |              |             |         |         |         |
|   tbl_action_check_membership_stage_one   | ingress |   2    |    -    |  -   |  2 (0/0/0/2/0)  |   0   |   0 / 0 (0)   | 0 / 0 (0)  |    0    |   0   |   0/0/0/0/0/0/0/0   |  0 / 0 (0)   | 0 / 0 (0) | 0 / 0 (0) |   0    | 0 / 0 (0) |  0 in 0 (0)  |  0 in 0 (0) |  - / -  |  - / -  |  - / -  |
|               stage 2 totals              |    -    |   -    |    -    |  -   |  2 (0/0/0/2/0)  |   0   |       -       |     -      |    -    |   -   |          -          |      -       |     -     |     -     |   -    |     -     |      -       |      -      |    -    |    -    |    -    |
|                                           |         |        |         |      |                 |       |               |            |         |       |                     |              |           |           |        |           |              |             |         |         |         |
|                  tbl_drop                 | ingress |   3    |    -    | sram |  0 (0/0/0/0/0)  |   0   |   0 / 0 (0)   | 0 / 0 (0)  |    0    |   0   |   0/0/0/0/0/0/0/0   |  0 / 0 (0)   | 0 / 0 (0) | 0 / 0 (0) |   0    | 0 / 0 (0) |  0 in 0 (0)  |  1 in 0 (0) |  - / -  |  - / -  |  - / -  |
|               stage 3 totals              |    -    |   -    |    -    |  -   |  0 (0/0/0/0/0)  |   0   |       -       |     -      |    -    |   -   |          -          |      -       |     -     |     -     |   -    |     -     |      -       |      -      |    -    |    -    |    -    |
|                                           |         |        |         |      |                 |       |               |            |         |       |                     |              |           |           |        |           |              |             |         |         |         |
|          overall totals (ingress)         |    -    |   -    |    -    |  -   |  6 (0/0/0/6/0)  |   0   |       -       |     -      |    -    |   -   |          -          |      -       |     -     |     -     |   -    |     -     |      -       |      -      |    -    |    -    |    -    |
|                                           |         |        |         |      |                 |       |               |            |         |       |                     |              |           |           |        |           |              |             |         |         |         |
|          overall totals (egress)          |    -    |   -    |    -    |  -   |  0 (0/0/0/0/0)  |   0   |       -       |     -      |    -    |   -   |          -          |      -       |     -     |     -     |   -    |     -     |      -       |      -      |    -    |    -    |    -    |
|                                           |         |        |         |      |                 |       |               |            |         |       |                     |              |           |           |        |           |              |             |         |         |         |
|               overall totals              |    -    |   -    |    -    |  -   |  6 (0/0/0/6/0)  |   0   |       -       |     -      |    -    |   -   |          -          |      -       |     -     |     -     |   -    |     -     |      -       |      -      |    -    |    -    |    -    |
--------------------------------------------------------------------------------------------------------------------------------------------------------------------------------------------------------------------------------------------------------------------------------------------------------

Total SRAMs Legend:
TOT (M/A/S/MT/I)
TOT = Total
M = Match
A = Action
S = Statistics
MT = Meter / Stateful / Selection
I = Ternary Indirection

Match Overhead Structure Legend:
NT/AI/AD/M/S/SL/V/I
NT = Next Table Pointer
AI = Action Instruction Pointer
AD = Action Data Pointer
M = Meter/Selection/Stateful Pointer
S = Statistics Pointer
SL = Selection Length
V = Entry Version
I = Immediate Action Data





+----------------------------------------------------------------+
    OVERHEAD STRUCTURES
+----------------------------------------------------------------+

+----------------------------------------------------------------+
   SwitchIngress.bypass_egress.bypass_egress
+----------------------------------------------------------------+
Match Overhead:

  Total bits: 0
+----------------------------------------------------------------+
   SwitchIngressParser.$PORT_METADATA
+----------------------------------------------------------------+
Match Overhead:

  Total bits: 0
+----------------------------------------------------------------+
   tbl_action_check_membership_stage_one
+----------------------------------------------------------------+
Match Overhead:

  Total bits: 0
+----------------------------------------------------------------+
   tbl_action_check_membership_stage_three
+----------------------------------------------------------------+
Match Overhead:

  Total bits: 0
+----------------------------------------------------------------+
   tbl_action_check_membership_stage_two
+----------------------------------------------------------------+
Match Overhead:

  Total bits: 0
+----------------------------------------------------------------+
   tbl_action_compute_fingerprint
+----------------------------------------------------------------+
Match Overhead:

  Total bits: 0
+----------------------------------------------------------------+
   tbl_drop
+----------------------------------------------------------------+
Match Overhead:

  Total bits: 0
+----------------------------------------------------------------+
   tbl_src185
+----------------------------------------------------------------+
Match Overhead:

  Total bits: 0
+----------------------------------------------------------------+
   tbl_src188
+----------------------------------------------------------------+
Match Overhead:

  Total bits: 0
+----------------------------------------------------------------+
   tbl_src190
+----------------------------------------------------------------+
Match Overhead:

  Total bits: 0





+----------------------------------------------------------------+
    MATCH AND ACTION FORMATS
+----------------------------------------------------------------+

+----------------------------------------------------------------+
  SwitchIngress.bypass_egress.bypass_egress
+----------------------------------------------------------------+
+------------------------------------------------+
   Match format for SwitchIngress.bypass_egress.bypass_egress
+------------------------------------------------+
Stage 0:
No match entries required.
+----------------------------------------------------------------+
  SwitchIngressParser.$PORT_METADATA
+----------------------------------------------------------------+
+------------------------------------------------+
   Match format for SwitchIngressParser.$PORT_METADATA
+------------------------------------------------+
Stage -1:
Pack Format:
  table_word_width: 64
  memory_word_width: 64
  entries_per_table_word: 1
  number_memory_units_per_table_word: 1
  entry_list: [
    entry_number : 0
    field_list : [
       Field ig_intr_md [63:0]   : in bits [63:0]
    ]
  ]
+----------------------------------------------------------------+
  tbl_action_check_membership_stage_one
+----------------------------------------------------------------+
+------------------------------------------------+
   Match format for tbl_action_check_membership_stage_one
+------------------------------------------------+
Stage 2:
No match entries required.
+----------------------------------------------------------------+
  tbl_action_check_membership_stage_three
+----------------------------------------------------------------+
+------------------------------------------------+
   Match format for tbl_action_check_membership_stage_three
+------------------------------------------------+
Stage 1:
No match entries required.
+----------------------------------------------------------------+
  tbl_action_check_membership_stage_two
+----------------------------------------------------------------+
+------------------------------------------------+
   Match format for tbl_action_check_membership_stage_two
+------------------------------------------------+
Stage 1:
No match entries required.
+----------------------------------------------------------------+
  tbl_action_compute_fingerprint
+----------------------------------------------------------------+
+------------------------------------------------+
   Match format for tbl_action_compute_fingerprint
+------------------------------------------------+
Stage 0:
No match entries required.
+----------------------------------------------------------------+
  tbl_drop
+----------------------------------------------------------------+
+------------------------------------------------+
   Match format for tbl_drop
+------------------------------------------------+
Stage 3:
No match entries required.
+----------------------------------------------------------------+
  tbl_src185
+----------------------------------------------------------------+
+------------------------------------------------+
   Match format for tbl_src185
+------------------------------------------------+
Stage 0:
No match entries required.
+----------------------------------------------------------------+
  tbl_src188
+----------------------------------------------------------------+
+------------------------------------------------+
   Match format for tbl_src188
+------------------------------------------------+
Stage 0:
No match entries required.
+----------------------------------------------------------------+
  tbl_src190
+----------------------------------------------------------------+
+------------------------------------------------+
   Match format for tbl_src190
+------------------------------------------------+
Stage 1:
No match entries required.
