Parser Characterization Report:
Number of states on ingress: 7

Number of matches on ingress: 11

Longest path (6 states) on ingress:
    $entry_point
    start
    TofinoIngressParser_parse_port_metadata
    TofinoIngressParser_parse_port_metadata.$split_0
    parse_ipv4
    parse_icmp

Shortest path (2 states) on ingress:
    $entry_point
    start

Timing is met for min-sized packet (73 B) running at 100 Gbps

Extractor usage:
+--------------------------------------------------+------------+-------+--------+--------+------------------+-------+
|State                                             |Match       |8-bit  |16-bit  |32-bit  |Total Extractors  |Other  |
+--------------------------------------------------+------------+-------+--------+--------+------------------+-------+
|$entry_point                                      |*           |0      |0       |0       |0                 |       |
|start                                             |0b1*******  |0      |1       |0       |1                 |       |
|-                                                 |0b0*******  |0      |1       |0       |1                 |       |
|TofinoIngressParser_parse_port_metadata           |*           |1      |4       |0       |5                 |       |
|TofinoIngressParser_parse_port_metadata.$split_0  |0x0800      |0      |3       |0       |3                 |       |
|-                                                 |0x****      |0      |3       |0       |3                 |       |
|parse_ipv4                                        |0x01        |3      |1       |4       |8                 |       |
|-                                                 |0x06        |3      |1       |4       |8                 |       |
|-                                                 |0x**        |3      |1       |4       |8                 |       |
|parse_tcp                                         |*           |3      |1       |4       |8                 |       |
|parse_icmp                                        |*           |1      |0       |1       |2                 |       |
+--------------------------------------------------+------------+-------+--------+--------+------------------+-------+
Number of states on egress: 1

Number of matches on egress: 1

Longest path (1 states) on egress:
    $entry_point.start

Shortest path (1 states) on egress:
    $entry_point.start

Timing is met for min-sized packet (73 B) running at 100 Gbps

Extractor usage:
+--------------------+-------+-------+--------+--------+------------------+-------+
|State               |Match  |8-bit  |16-bit  |32-bit  |Total Extractors  |Other  |
+--------------------+-------+-------+--------+--------+------------------+-------+
|$entry_point.start  |*      |0      |0       |0       |0                 |       |
+--------------------+-------+-------+--------+--------+------------------+-------+
