Table allocation done 1 time(s), state = INITIAL
Number of stages in table allocation: 4
  Number of stages for ingress table allocation: 4
  Number of stages for egress table allocation: 0
Critical path length through the table dependency graph: 3
Number of tables allocated: 9
+-------+-------------------------------------------+
|Stage  |Table Name                                 |
+-------+-------------------------------------------+
|0      |SwitchIngress.bypass_egress.bypass_egress  |
|0      |tbl_src188                                 |
|0      |tbl_action_compute_fingerprint             |
|0      |tbl_src185                                 |
|1      |tbl_action_check_membership_stage_three    |
|1      |tbl_action_check_membership_stage_two      |
|1      |tbl_src190                                 |
|2      |tbl_action_check_membership_stage_one      |
|3      |tbl_drop                                   |
|0      |cond-4                                     |
|0      |cond-5                                     |
|3      |cond-6                                     |
+-------+-------------------------------------------+

